<?xml version="1.0" encoding="UTF-8"?>
<!-- Generated by org.testng.reporters.JUnitReportReporter -->
<testsuite hostname="LAPTOP-M19S2UE7" failures="0" tests="1" name="com.test.CaptureScreenshots" time="21.778" errors="0" timestamp="2022-10-17T00:11:00 IST" skipped="0">
  <testcase classname="com.test.CaptureScreenshots" name="testCaptureScreenshot" time="21.778"/>
  <system-out/>
</testsuite> <!-- com.test.CaptureScreenshots -->
