<?xml version="1.0" encoding="UTF-8"?>
<!-- Generated by org.testng.reporters.JUnitReportReporter -->
<testsuite hostname="LAPTOP-M19S2UE7" failures="0" tests="1" name="com.test.IFrameExample" time="7.043" errors="0" timestamp="2022-10-16T00:34:20 IST" skipped="0">
  <testcase classname="com.test.IFrameExample" name="testNestedFrame" time="7.043"/>
  <system-out/>
</testsuite> <!-- com.test.IFrameExample -->
