<?xml version="1.0" encoding="UTF-8"?>
<!-- Generated by org.testng.reporters.JUnitReportReporter -->
<testsuite hostname="LAPTOP-M19S2UE7" failures="0" tests="1" name="com.test.UploadDownload" time="7.501" errors="0" timestamp="2022-10-16T23:50:26 IST" skipped="0">
  <testcase classname="com.test.UploadDownload" name="testUploadDownload" time="7.501"/>
  <system-out/>
</testsuite> <!-- com.test.UploadDownload -->
