<?xml version="1.0" encoding="UTF-8"?>
<!-- Generated by org.testng.reporters.JUnitReportReporter -->
<testsuite hostname="LAPTOP-M19S2UE7" failures="0" tests="3" name="com.test.SeleniumExample" time="15.093" errors="0" timestamp="2022-10-10T01:55:35 IST" skipped="0">
  <testcase classname="com.test.SeleniumExample" name="selenium" time="5.000"/>
  <system-out/>
  <testcase classname="com.test.SeleniumExample" name="selenium" time="5.777"/>
  <system-out/>
  <testcase classname="com.test.SeleniumExample" name="selenium" time="4.316"/>
  <system-out/>
</testsuite> <!-- com.test.SeleniumExample -->
