<?xml version="1.0" encoding="UTF-8"?>
<!-- Generated by org.testng.reporters.JUnitReportReporter -->
<testsuite hostname="LAPTOP-M19S2UE7" failures="0" tests="1" name="com.test.jcpenny.CheckOutWithNewUser" time="0.001" errors="0" timestamp="2022-10-31T00:41:58 IST" skipped="0">
  <testcase classname="com.test.jcpenny.CheckOutWithNewUser" name="checkOutWithNewUser" time="0.001"/>
  <system-out/>
</testsuite> <!-- com.test.jcpenny.CheckOutWithNewUser -->
