<?xml version="1.0" encoding="UTF-8"?>
<!-- Generated by org.testng.reporters.JUnitReportReporter -->
<testsuite hostname="LAPTOP-M19S2UE7" failures="0" tests="1" name="com.test.CheckBox" time="13.682" errors="0" timestamp="2022-10-16T23:14:30 IST" skipped="0">
  <testcase classname="com.test.CheckBox" name="testRadio" time="13.682"/>
  <system-out/>
</testsuite> <!-- com.test.CheckBox -->
