<?xml version="1.0" encoding="UTF-8"?>
<!-- Generated by org.testng.reporters.JUnitReportReporter -->
<testsuite hostname="LAPTOP-M19S2UE7" failures="0" tests="1" name="com.test.GetExamples" time="3.457" errors="0" timestamp="2022-10-10T00:22:18 IST" skipped="0">
  <testcase classname="com.test.GetExamples" name="selenium" time="3.457"/>
  <system-out/>
</testsuite> <!-- com.test.GetExamples -->
