<?xml version="1.0" encoding="UTF-8"?>
<!-- Generated by org.testng.reporters.JUnitReportReporter -->
<testsuite hostname="LAPTOP-M19S2UE7" failures="0" tests="1" name="com.test.Dynamic" time="22.410" errors="0" timestamp="2022-10-17T00:00:45 IST" skipped="0">
  <testcase classname="com.test.Dynamic" name="testFrame" time="22.410"/>
  <system-out/>
</testsuite> <!-- com.test.Dynamic -->
