<?xml version="1.0" encoding="UTF-8"?>
<!-- Generated by org.testng.reporters.JUnitReportReporter -->
<testsuite hostname="LAPTOP-M19S2UE7" failures="0" tests="5" name="com.apitests.APIExample" time="9.044" errors="0" timestamp="2022-10-30T23:08:35 IST" skipped="0">
  <testcase classname="com.apitests.APIExample" name="getPetsById" time="1.273"/>
  <system-out/>
  <testcase classname="com.apitests.APIExample" name="updatePets" time="1.283"/>
  <system-out/>
  <testcase classname="com.apitests.APIExample" name="createpets" time="3.952"/>
  <system-out/>
  <testcase classname="com.apitests.APIExample" name="deletePets" time="1.218"/>
  <system-out/>
  <testcase classname="com.apitests.APIExample" name="getPets" time="1.318"/>
  <system-out/>
</testsuite> <!-- com.apitests.APIExample -->
