<?xml version="1.0" encoding="UTF-8"?>
<!-- Generated by org.testng.reporters.JUnitReportReporter -->
<testsuite hostname="LAPTOP-M19S2UE7" failures="0" tests="1" name="com.test.JsExecutor" time="26.235" errors="0" timestamp="2022-10-17T00:26:10 IST" skipped="0">
  <testcase classname="com.test.JsExecutor" name="testCaptureScreenshot" time="26.235"/>
  <system-out/>
</testsuite> <!-- com.test.JsExecutor -->
