<?xml version="1.0" encoding="UTF-8"?>
<!-- Generated by org.testng.reporters.JUnitReportReporter -->
<testsuite hostname="LAPTOP-M19S2UE7" failures="0" tests="1" name="com.test.jcpenny.factory.CheckOutWithExistingUser" time="16.280" errors="0" timestamp="2022-10-31T01:34:32 IST" skipped="0">
  <testcase classname="com.test.jcpenny.factory.CheckOutWithExistingUser" name="searchProductTest" time="16.280"/>
  <system-out/>
</testsuite> <!-- com.test.jcpenny.factory.CheckOutWithExistingUser -->
