<?xml version="1.0" encoding="UTF-8"?>
<!-- Generated by org.testng.reporters.JUnitReportReporter -->
<testsuite hostname="LAPTOP-M19S2UE7" failures="0" tests="1" name="com.test.NavigateExample" time="15.150" errors="0" timestamp="2022-10-23T01:54:31 IST" skipped="0">
  <testcase classname="com.test.NavigateExample" name="selenium" time="15.150"/>
  <system-out/>
</testsuite> <!-- com.test.NavigateExample -->
