<?xml version="1.0" encoding="UTF-8"?>
<!-- Generated by org.testng.reporters.JUnitReportReporter -->
<testsuite hostname="LAPTOP-M19S2UE7" failures="0" tests="1" name="com.test.AlertExample" time="29.694" errors="0" timestamp="2022-10-10T00:40:10 IST" skipped="0">
  <testcase classname="com.test.AlertExample" name="testAlert" time="29.694"/>
  <system-out/>
</testsuite> <!-- com.test.AlertExample -->
